*WARNING* file /home/s5117909/CDS.log File is already locked by some other process.
*WARNING* file /home/s5117909/CDS.log.1 File is already locked by some other process.
*WARNING* file /home/s5117909/CDS.log.2 File is already locked by some other process.
*WARNING* file /home/s5117909/CDS.log.3 File is already locked by some other process.
*WARNING* file /home/s5117909/CDS.log.4 File is already locked by some other process.
COPYRIGHT (C) 1992-2024  CADENCE DESIGN SYSTEMS INC.  ALL RIGHTS RESERVED.
          (C) 1992-2024  UNIX SYSTEMS Laboratories INC.,
                         Reproduced with permission.

This Cadence Design Systems program and online documentation are
proprietary/confidential information and may be disclosed/used only
as authorized in a license agreement controlling such use and disclosure.

          RESTRICTED RIGHTS NOTICE (SHORT FORM)
Use/reproduction/disclosure is subject to restriction
set forth at FAR 1252.227-19 or its equivalent.
Loading geView.cxt 
Loading menuBuilder.cxt 
Loading im.cxt 
Loading schView.cxt 
Loading selectSv.cxt 
Loading pvsui.cxt
Loading wireEdit.cxt 
Loading pte2.cxt 
Loading xlUI.cxt 
Loading auCore.cxt 
Loading vhdl.cxt 
Loading seismic.cxt 
Loading ci.cxt 
Loading layers.cxt 
Loading drv.cxt 
Loading ams.cxt 
Loading adexlDM.cxt 
Loading cpf.cxt 
Loading cli.cxt 
Loading lp.cxt 
Loading sipLayout.cxt 
Loading diagCenter.cxt 
INFO (ELI-00333) Client process connection mode is NormalChild.
*WARNING* LIB sebastian_thesis_pilot from File /home/s5117909/Documents/thesis/thesis_codebase/thesis_database/20260526_202425_2channel_1syn/ipc_work/job3/cds.lib Line 2 redefines
LIB sebastian_thesis_pilot from File /home/s5117909/eda_env/xp018/cds.lib
Insert UNDEFINE sebastian_thesis_pilot
before DEFINE sebastian_thesis_pilot
    in /home/s5117909/Documents/thesis/thesis_codebase/thesis_database/20260526_202425_2channel_1syn/ipc_work/job3/cds.lib
Or remove or comment out DEFINE sebastian_thesis_pilot
    in /home/s5117909/eda_env/xp018/cds.lib
to suppress this warning message.
*WARNING* ddiAddLibToOA: Can't access library 'synopsys' at path '/projects/bics/cadence/installs/XCELIUM2309/tools.lnx86/inca/files/SYNOPSYS' in OA 2.2.
OA Exception is: 'Cannot open .oalib file in the library at .'
*WARNING* ddiAddLibToOA: Can't access library 'ambit' at path '/projects/bics/cadence/installs/XCELIUM2309/tools.lnx86/inca/files/AMBIT' in OA 2.2.
OA Exception is: 'Cannot open .oalib file in the library at .'
*WARNING* ddiAddLibToOA: Can't access library 'std' at path '/projects/bics/cadence/installs/XCELIUM2309/tools.lnx86/inca/files/STD' in OA 2.2.
OA Exception is: 'Cannot open .oalib file in the library at .'
*WARNING* ddiAddLibToOA: Can't access library 'ieee' at path '/projects/bics/cadence/installs/XCELIUM2309/tools.lnx86/inca/files/IEEE' in OA 2.2.
OA Exception is: 'Cannot open .oalib file in the library at .'
Loading oasis.cxt 
Using isolated Cadence projectDir early: /home/s5117909/Documents/thesis/thesis_codebase/thesis_database/20260526_202425_2channel_1syn/cadence_project/job3
Loading dal.cxt 
Loading awv.cxt 
Loading vdsil.cxt 
Loading analog.cxt 
Loading asimenv.cxt 
Loading spectrei.cxt 
Loading adexlCore.cxt 
Loading socket.cxt 
Loading par.cxt 
Loading alvs.cxt 
Loading caa.cxt 
Loading amps.cxt 
Loading adexl.cxt 
Loading lx.cxt 
Loading pe.cxt 
Loading lce.cxt 
Loading le.cxt 
Loading drdEdit.cxt 
Loading rte.cxt 
Loading te.cxt 
Loading schHDL.cxt 
Loading devCheck.cxt 
Loading relXpert.cxt 
Loading simui.cxt 
*WARNING* LIB sebastian_thesis_pilot from File /home/s5117909/Documents/thesis/thesis_codebase/thesis_database/20260526_202425_2channel_1syn/ipc_work/job3/cds.lib Line 2 redefines
LIB sebastian_thesis_pilot from File /home/s5117909/eda_env/xp018/cds.lib
Insert UNDEFINE sebastian_thesis_pilot
before DEFINE sebastian_thesis_pilot
    in /home/s5117909/Documents/thesis/thesis_codebase/thesis_database/20260526_202425_2channel_1syn/ipc_work/job3/cds.lib
Or remove or comment out DEFINE sebastian_thesis_pilot
    in /home/s5117909/eda_env/xp018/cds.lib
to suppress this warning message.
*WARNING* ddiAddLibToOA: Can't access library 'synopsys' at path '/projects/bics/cadence/installs/XCELIUM2309/tools.lnx86/inca/files/SYNOPSYS' in OA 2.2.
OA Exception is: 'Cannot open .oalib file in the library at .'
*WARNING* ddiAddLibToOA: Can't access library 'ambit' at path '/projects/bics/cadence/installs/XCELIUM2309/tools.lnx86/inca/files/AMBIT' in OA 2.2.
OA Exception is: 'Cannot open .oalib file in the library at .'
*WARNING* ddiAddLibToOA: Can't access library 'std' at path '/projects/bics/cadence/installs/XCELIUM2309/tools.lnx86/inca/files/STD' in OA 2.2.
OA Exception is: 'Cannot open .oalib file in the library at .'
*WARNING* ddiAddLibToOA: Can't access library 'ieee' at path '/projects/bics/cadence/installs/XCELIUM2309/tools.lnx86/inca/files/IEEE' in OA 2.2.
OA Exception is: 'Cannot open .oalib file in the library at .'
*WARNING* (DB-270000): dbOpenCellViewByType: Unable to lock database file for sebastian_thesis_pilot/synapsedualinputtb/schematic.
** Info: PDK loadpath is "/projects/bics/designkits/xfab/xp018/cadence/v8_0/PDK/IC61/v8_0_2"
Loading XfSktTools.cxt
Loading XfMenu.cxt
Loading XfTechXp018.cxt
Loading XfPcellCore.cxt
function ansiSpicePrintProperties_subcircuit redefined
Loading XfSkillExt.cxt
Initializing library.
Finished Initializing Library .
    Generic PcellKit: 'production' loaded.
    Generic Pcell Skill Tools: 'production' loaded.
Using ADE Spectre model libraries from XP018 lp5mos via apply(modelFile ...).
Parallel split: job 3 of 4
CAD_RUN_DIR=/home/s5117909/Documents/thesis/thesis_codebase/thesis_database/20260526_202425_2channel_1syn
Using PWL base directory: /home/s5117909/Documents/thesis/thesis_codebase/processing/sim_run_code/spike_train_output
Using output base directory: /home/s5117909/Documents/thesis/thesis_codebase/thesis_database/20260526_202425_2channel_1syn/output_2channel_1syn_data
Frequency mixing: enabled
Trial mixing: disabled; only matching trial_N files are paired
Delete psf data in /home/s5117909/Documents/thesis/thesis_codebase/thesis_database/20260526_202425_2channel_1syn/output_2channel_1syn_data/st1_31_hz__st2_31_hz__trial_1/psf.
Loading spectreinl.cxt 
Loading hnlInit.cxt 
Loading seCore.cxt 
Initializing the control file using cp:
    cp /projects/bics/cadence/installs/IC231/tools.lnx86/dfII/etc/si/control.spectre /home/s5117909/Documents/thesis/thesis_codebase/thesis_database/20260526_202425_2channel_1syn/cadence_project/job3/synapsedualinputtb/spectre/schematic/netlist/control
Copying Spectre source file 'spectre.inp'
Copying Spectre command file 'spectre.sim'
Begin Incremental Netlisting May 26 20:27:07 2026
Loading json.cxt 
End netlisting May 26 20:27:07 2026
Loading monte.cxt 

Netlisting Statistics:
	Number of components:   14

	Elapsed time:          1.0s (14.00/s)
Errors: 0	Warnings: 0
Loading hspiceD.cxt 
Loading msgHandler.cxt 
Loading UltraSim.cxt 
Loading AMSOSS.cxt 
Loading AMS.cxt 
*Error* eval: User interrupt
*Error* load: error while loading file - "/home/s5117909/Documents/thesis/thesis_codebase/thesis_database/20260526_202425_2channel_1syn/ocn/pwl_1synv3.ocn" at line 402
> Loading tilp.cxt 
Loading validator.cxt 
Loading vrf.cxt 
Loading multiTechPlugin.cxt 
Loading exportDie.cxt 
