*WARNING* file /home/s5117909/CDS.log File is already locked by some other process.
COPYRIGHT (C) 1992-2024  CADENCE DESIGN SYSTEMS INC.  ALL RIGHTS RESERVED.
          (C) 1992-2024  UNIX SYSTEMS Laboratories INC.,
                         Reproduced with permission.

This Cadence Design Systems program and online documentation are
proprietary/confidential information and may be disclosed/used only
as authorized in a license agreement controlling such use and disclosure.

          RESTRICTED RIGHTS NOTICE (SHORT FORM)
Use/reproduction/disclosure is subject to restriction
set forth at FAR 1252.227-19 or its equivalent.
Loading geView.cxt 
Loading menuBuilder.cxt 
Loading im.cxt 
Loading schView.cxt 
Loading selectSv.cxt 
Loading pvsui.cxt
Loading wireEdit.cxt 
Loading pte2.cxt 
Loading xlUI.cxt 
Loading auCore.cxt 
Loading vhdl.cxt 
Loading seismic.cxt 
Loading ci.cxt 
Loading layers.cxt 
Loading drv.cxt 
Loading ams.cxt 
Loading adexlDM.cxt 
Loading cpf.cxt 
Loading cli.cxt 
Loading lp.cxt 
Loading sipLayout.cxt 
Loading diagCenter.cxt 
INFO (ELI-00333) Client process connection mode is NormalChild.
Loading oasis.cxt 
Loading dal.cxt 
Loading awv.cxt 
Loading vdsil.cxt 
Loading analog.cxt 
Loading asimenv.cxt 
Loading spectrei.cxt 
Loading adexlCore.cxt 
Loading socket.cxt 
Loading par.cxt 
Loading alvs.cxt 
Loading caa.cxt 
Loading amps.cxt 
Loading adexl.cxt 
Loading lx.cxt 
Loading pe.cxt 
Loading lce.cxt 
Loading le.cxt 
Loading drdEdit.cxt 
Loading rte.cxt 
Loading te.cxt 
Loading schHDL.cxt 
Loading devCheck.cxt 
Loading relXpert.cxt 
Loading simui.cxt 
Using isolated Cadence projectDir for template generation: /home/s5117909/Documents/thesis/thesis_codebase/database/20260601_141611_2channel_1syn_plain/cadence_template_project
ERROR (ADE-5726): Unable to open config (sebastian_thesis_pilot synapsedualinputtb schematic).
Using ADE Spectre model libraries from XP018 lp5mos via apply(modelFile ...).
Template case st1=/home/s5117909/Documents/thesis/thesis_codebase/experiments/frequency_sweep/input_data/spike_train_output/st_1/1_hz/trial_1.pwl st2=/home/s5117909/Documents/thesis/thesis_codebase/experiments/frequency_sweep/input_data/spike_train_output/st_2/1_hz/trial_1.pwl
WARNING (OCN-6005): You do not have the required cellviews or properties open for this session.
        You may have purged the data from virtual memory or the schematic data
        has been closed. Type: simulator('simulatorName) to reset the
        session or quit the application that you are using.
ERROR (ADE-5750): Unable to Simulate, either session is invalid or design is not specified.
WARNING (OCN-6040): The specified directory does not exist, or the directory does not contain valid PSF results.
        Ensure that the path to the directory is correct and the directory has a logFile and PSF result files.
WARNING (OCN-6034): You need to specify what results you want to look at before using this command.
        You can do this with the openResults() command. For more information type,
        ocnHelp('openResults) in the Command Interface Window (CIW).
Template OCEAN run complete. Now copy the generated Spectre netlist into the run template directory.
CAD_BATCH_EXIT=1, exiting OCEAN.

